
SQL*Loader: Release 11.2.0.1.0 - Production on Qui Ago 25 09:06:58 2016

Copyright (c) 1982, 2009, Oracle and/or its affiliates.  All rights reserved.

Control File:   c:\desenv\fluxo\loader\itau\loader.ctl
Data File:      c:\desenv\fluxo\loader\itau\loader.TXT
  Bad File:     c:\desenv\fluxo\loader\itau\loader.bad
  Discard File:  none specified
 
 (Allow all discards)

Number to load: ALL
Number to skip: 0
Errors allowed: 100000
Bind array:     5000 rows, maximum of 256000 bytes
Continuation:    none specified
Path used:      Conventional

Table CC.FC_LCTO_BASE, loaded from every logical record.
Insert option in effect for this table: APPEND
TRAILING NULLCOLS option in effect

   Column Name                  Position   Len  Term Encl Datatype
------------------------------ ---------- ----- ---- ---- ---------------------
FLB_DATA                            FIRST     *   ;  O(") DATE DD/MM/YYYY      
FLB_DESC                             NEXT     *   ;  O(") CHARACTER            
FLB_VALOR                            NEXT     *   ;  O(") CHARACTER            
FLB_SQ                               NEXT     *   ;  O(") CHARACTER            
    SQL string for column : "fc_lcto_base_sq.nextval"
FAB_SQ                               NEXT     *   ;  O(") CHARACTER            
    SQL string for column : "pkg_loader_arq.fnc_arquivo_loader"

value used for ROWS parameter changed from 5000 to 198

Table CC.FC_LCTO_BASE:
  20 Rows successfully loaded.
  0 Rows not loaded due to data errors.
  0 Rows not loaded because all WHEN clauses were failed.
  0 Rows not loaded because all fields were null.


Space allocated for bind array:                 255420 bytes(198 rows)
Read   buffer bytes: 1048576

Total logical records skipped:          0
Total logical records read:            20
Total logical records rejected:         0
Total logical records discarded:        0

Run began on Qui Ago 25 09:06:58 2016
Run ended on Qui Ago 25 09:06:58 2016

Elapsed time was:     00:00:00.14
CPU time was:         00:00:00.01
