
SQL*Loader: Release 11.2.0.1.0 - Production on Qua Jan 20 15:14:09 2021

Copyright (c) 1982, 2009, Oracle and/or its affiliates.  All rights reserved.

Control File:   C:\Desenv\Oracle\Financeiro\loader\loader.ctl
Data File:      C:\Desenv\Oracle\Financeiro\loader\loader.TXT
  Bad File:     C:\Desenv\Oracle\Financeiro\loader\loader.bad
  Discard File:  none specified
 
 (Allow all discards)

Number to load: ALL
Number to skip: 0
Errors allowed: 100
Bind array:     5000 rows, maximum of 256000 bytes
Continuation:    none specified
Path used:      Conventional

Table FIN_EXTRATOS_ITENS_TMP, loaded from every logical record.
Insert option in effect for this table: APPEND

   Column Name                  Position   Len  Term Encl Datatype
------------------------------ ---------- ----- ---- ---- ---------------------
SEQ_EXTRATO                         FIRST     1           CHARACTER            
    SQL string for column : "pkg_extratos.fnc_rec_num_extrato"
SEQ_LINHA                            NEXT     1           CHARACTER            
    SQL string for column : "SQ_FIN_EXTRATOS_ITENS_TMP.nextval"
DSC_LINHA                           1:299   299           CHARACTER            

value used for ROWS parameter changed from 5000 to 825

Table FIN_EXTRATOS_ITENS_TMP:
  57 Rows successfully loaded.
  0 Rows not loaded due to data errors.
  0 Rows not loaded because all WHEN clauses were failed.
  0 Rows not loaded because all fields were null.


Space allocated for bind array:                 255750 bytes(825 rows)
Read   buffer bytes: 1048576

Total logical records skipped:          0
Total logical records read:            57
Total logical records rejected:         0
Total logical records discarded:        0

Run began on Qua Jan 20 15:14:09 2021
Run ended on Qua Jan 20 15:14:09 2021

Elapsed time was:     00:00:00.07
CPU time was:         00:00:00.01
