
SQL*Loader: Release 11.2.0.1.0 - Production on Seg Ago 15 09:24:57 2016

Copyright (c) 1982, 2009, Oracle and/or its affiliates.  All rights reserved.

Control File:   c:\desenv\fluxo\loader\master\loader.ctl
Data File:      c:\desenv\fluxo\loader\master\loader.TXT
  Bad File:     c:\desenv\fluxo\loader\master\loader.bad
  Discard File:  none specified
 
 (Allow all discards)

Number to load: ALL
Number to skip: 0
Errors allowed: 100
Bind array:     5000 rows, maximum of 256000 bytes
Continuation:    none specified
Path used:      Conventional

Table FC_LCTO_BASE_CARTAO_TMP, loaded from every logical record.
Insert option in effect for this table: APPEND

   Column Name                  Position   Len  Term Encl Datatype
------------------------------ ---------- ----- ---- ---- ---------------------
FAB_SQ                              FIRST     1           CHARACTER            
    SQL string for column : "pkg_loader_arq.fnc_arquivo_loader"
FLP_SQ                               NEXT     1           CHARACTER            
    SQL string for column : "fc_lcto_base_cartao_tmp_sq.nextval"
FLP_LINHA                           1:199   199           CHARACTER            

value used for ROWS parameter changed from 5000 to 1219
Record 1: Discarded - all columns null.
Record 2: Discarded - all columns null.
Record 3: Discarded - all columns null.
Record 4: Discarded - all columns null.
Record 5: Discarded - all columns null.
Record 6: Discarded - all columns null.
Record 7: Discarded - all columns null.
Record 8: Discarded - all columns null.
Record 9: Discarded - all columns null.
Record 10: Discarded - all columns null.
Record 11: Discarded - all columns null.
Record 12: Discarded - all columns null.
Record 13: Discarded - all columns null.
Record 14: Discarded - all columns null.
Record 15: Discarded - all columns null.
Record 16: Discarded - all columns null.
Record 17: Discarded - all columns null.
Record 18: Discarded - all columns null.
Record 19: Discarded - all columns null.
Record 23: Discarded - all columns null.
Record 24: Discarded - all columns null.
Record 28: Discarded - all columns null.
Record 32: Discarded - all columns null.
Record 37: Discarded - all columns null.
Record 38: Discarded - all columns null.
Record 40: Discarded - all columns null.
Record 42: Discarded - all columns null.
Record 43: Discarded - all columns null.
Record 46: Discarded - all columns null.
Record 47: Discarded - all columns null.
Record 49: Discarded - all columns null.
Record 52: Discarded - all columns null.
Record 55: Discarded - all columns null.
Record 66: Discarded - all columns null.
Record 67: Discarded - all columns null.
Record 69: Discarded - all columns null.
Record 74: Discarded - all columns null.
Record 77: Discarded - all columns null.
Record 78: Discarded - all columns null.
Record 81: Discarded - all columns null.
Record 82: Discarded - all columns null.
Record 84: Discarded - all columns null.
Record 85: Discarded - all columns null.
Record 87: Discarded - all columns null.
Record 88: Discarded - all columns null.
Record 96: Discarded - all columns null.
Record 104: Discarded - all columns null.
Record 105: Discarded - all columns null.
Record 113: Discarded - all columns null.
Record 114: Discarded - all columns null.
Record 123: Discarded - all columns null.
Record 124: Discarded - all columns null.
Record 136: Discarded - all columns null.
Record 137: Discarded - all columns null.
Record 138: Discarded - all columns null.
Record 139: Discarded - all columns null.
Record 140: Discarded - all columns null.
Record 141: Discarded - all columns null.
Record 142: Discarded - all columns null.
Record 143: Discarded - all columns null.
Record 144: Discarded - all columns null.
Record 145: Discarded - all columns null.

Table FC_LCTO_BASE_CARTAO_TMP:
  83 Rows successfully loaded.
  0 Rows not loaded due to data errors.
  0 Rows not loaded because all WHEN clauses were failed.
  62 Rows not loaded because all fields were null.


Space allocated for bind array:                 255990 bytes(1219 rows)
Read   buffer bytes: 1048576

Total logical records skipped:          0
Total logical records read:           145
Total logical records rejected:         0
Total logical records discarded:       62

Run began on Seg Ago 15 09:24:57 2016
Run ended on Seg Ago 15 09:24:58 2016

Elapsed time was:     00:00:00.14
CPU time was:         00:00:00.05
